Using pre-set license
Built from '2022.3/respin/2022.3.62f2-4af31df585-v2' branch; Version is '2022.3.62f3 (96770f904ca7) revision 9860879'; Using compiler version '192829333'; Build Type 'Release'
OS: 'Windows 11  (10.0.26200) 64bit Core' Language: 'en' Physical Memory: 16219 MB
BatchMode: 1, IsHumanControllingUs: 0, StartBugReporterOnCrash: 0, Is64bit: 1, IsPro: 1

COMMAND LINE ARGUMENTS:
C:\Program Files\Unity\Hub\Editor\2022.3.62f3\Editor\Unity.exe
-adb2
-batchMode
-noUpm
-name
AssetImportWorker4
-projectPath
C:/Users/PZO/Documents/GitHub/VR_Motion/VR_Motion
-logFile
Logs/AssetImportWorker4.log
-srvPort
64989
Successfully changed project path to: C:/Users/PZO/Documents/GitHub/VR_Motion/VR_Motion
C:/Users/PZO/Documents/GitHub/VR_Motion/VR_Motion
[UnityMemory] Configuration Parameters - Can be set up in boot.config
    "memorysetup-bucket-allocator-granularity=16"
    "memorysetup-bucket-allocator-bucket-count=8"
    "memorysetup-bucket-allocator-block-size=33554432"
    "memorysetup-bucket-allocator-block-count=8"
    "memorysetup-main-allocator-block-size=16777216"
    "memorysetup-thread-allocator-block-size=16777216"
    "memorysetup-gfx-main-allocator-block-size=16777216"
    "memorysetup-gfx-thread-allocator-block-size=16777216"
    "memorysetup-cache-allocator-block-size=4194304"
    "memorysetup-typetree-allocator-block-size=2097152"
    "memorysetup-profiler-bucket-allocator-granularity=16"
    "memorysetup-profiler-bucket-allocator-bucket-count=8"
    "memorysetup-profiler-bucket-allocator-block-size=33554432"
    "memorysetup-profiler-bucket-allocator-block-count=8"
    "memorysetup-profiler-allocator-block-size=16777216"
    "memorysetup-profiler-editor-allocator-block-size=1048576"
    "memorysetup-temp-allocator-size-main=16777216"
    "memorysetup-job-temp-allocator-block-size=2097152"
    "memorysetup-job-temp-allocator-block-size-background=1048576"
    "memorysetup-job-temp-allocator-reduction-small-platforms=262144"
    "memorysetup-allocator-temp-initial-block-size-main=262144"
    "memorysetup-allocator-temp-initial-block-size-worker=262144"
    "memorysetup-temp-allocator-size-background-worker=32768"
    "memorysetup-temp-allocator-size-job-worker=262144"
    "memorysetup-temp-allocator-size-preload-manager=33554432"
    "memorysetup-temp-allocator-size-nav-mesh-worker=65536"
    "memorysetup-temp-allocator-size-audio-worker=65536"
    "memorysetup-temp-allocator-size-cloud-worker=32768"
    "memorysetup-temp-allocator-size-gi-baking-worker=262144"
    "memorysetup-temp-allocator-size-gfx=262144"
Player connection [6272]  Target information:

Player connection [6272]  * "[IP] 192.168.1.44 [Port] 0 [Flags] 2 [Guid] 3955048908 [EditorId] 3955048908 [Version] 1048832 [Id] WindowsEditor(7,DESKTOP-09LQNN1) [Debug] 1 [PackageName] WindowsEditor [ProjectName] Editor" 

Player connection [6272] Host joined multi-casting on [225.0.0.222:54997]...
Player connection [6272] Host joined alternative multi-casting on [225.0.0.222:34997]...
Input System module state changed to: Initialized.
[PhysX] Initialized MultithreadedTaskDispatcher with 20 workers.
Refreshing native plugins compatible for Editor in 7.49 ms, found 6 plugins.
Preloading 1 native plugins for Editor in 0.44 ms.
Initialize engine version: 2022.3.62f3 (96770f904ca7)
[Subsystems] Discovering subsystems at path C:/Program Files/Unity/Hub/Editor/2022.3.62f3/Editor/Data/Resources/UnitySubsystems
[Subsystems] Discovering subsystems at path C:/Users/PZO/Documents/GitHub/VR_Motion/VR_Motion/Assets
GfxDevice: creating device client; threaded=0; jobified=0
Direct3D:
    Version:  Direct3D 11.0 [level 11.1]
    Renderer: NVIDIA GeForce GTX 1080 (ID=0x1b80)
    Vendor:   NVIDIA
    VRAM:     8073 MB
    Driver:   31.0.15.3699
Initialize mono
Mono path[0] = 'C:/Program Files/Unity/Hub/Editor/2022.3.62f3/Editor/Data/Managed'
Mono path[1] = 'C:/Program Files/Unity/Hub/Editor/2022.3.62f3/Editor/Data/MonoBleedingEdge/lib/mono/unityjit-win32'
Mono config path = 'C:/Program Files/Unity/Hub/Editor/2022.3.62f3/Editor/Data/MonoBleedingEdge/etc'
Using monoOptions --debugger-agent=transport=dt_socket,embedding=1,server=y,suspend=n,address=127.0.0.1:56216
Begin MonoManager ReloadAssembly
Registering precompiled unity dll's ...
Register platform support module: C:/Program Files/Unity/Hub/Editor/2022.3.62f3/Editor/Data/PlaybackEngines/WindowsStandaloneSupport/UnityEditor.WindowsStandalone.Extensions.dll
Registered in 0.004098 seconds.
- Loaded All Assemblies, in  0.250 seconds
Native extension for WindowsStandalone target not found
Mono: successfully reloaded assembly
- Finished resetting the current domain, in  0.179 seconds
Domain Reload Profiling: 428ms
	BeginReloadAssembly (84ms)
		ExecutionOrderSort (0ms)
		DisableScriptedObjects (0ms)
		BackupInstance (0ms)
		ReleaseScriptingObjects (0ms)
		CreateAndSetChildDomain (1ms)
	RebuildCommonClasses (22ms)
	RebuildNativeTypeToScriptingClass (6ms)
	initialDomainReloadingComplete (37ms)
	LoadAllAssembliesAndSetupDomain (99ms)
		LoadAssemblies (83ms)
		RebuildTransferFunctionScriptingTraits (0ms)
		AnalyzeDomain (98ms)
			TypeCache.Refresh (96ms)
				TypeCache.ScanAssembly (86ms)
			ScanForSourceGeneratedMonoScriptInfo (0ms)
			ResolveRequiredComponents (0ms)
	FinalizeReload (179ms)
		ReleaseScriptCaches (0ms)
		RebuildScriptCaches (0ms)
		SetupLoadedEditorAssemblies (150ms)
			LogAssemblyErrors (0ms)
			InitializePlatformSupportModulesInManaged (6ms)
			SetLoadedEditorAssemblies (6ms)
			RefreshPlugins (0ms)
			BeforeProcessingInitializeOnLoad (1ms)
			ProcessInitializeOnLoadAttributes (99ms)
			ProcessInitializeOnLoadMethodAttributes (37ms)
			AfterProcessingInitializeOnLoad (0ms)
			EditorAssembliesLoaded (0ms)
		ExecutionOrderSort2 (0ms)
		AwakeInstancesAfterBackupRestoration (0ms)
========================================================================
Worker process is ready to serve import requests
Caller must complete domain reload
Begin MonoManager ReloadAssembly
- Loaded All Assemblies, in  0.607 seconds
Native extension for WindowsStandalone target not found
System.Reflection.TargetInvocationException: Exception has been thrown by the target of an invocation. ---> System.NullReferenceException: Object reference not set to an instance of an object
  at Unity.XR.Oculus.OculusLoader.AssetPathToAbsolutePath (System.String assetPath) [0x0003d] in .\Library\PackageCache\com.unity.xr.oculus@4.5.2\Runtime\OculusLoader.cs:312 
  at Unity.XR.Oculus.OculusLoader.EditorLoadOVRPlugin () [0x0008c] in .\Library\PackageCache\com.unity.xr.oculus@4.5.2\Runtime\OculusLoader.cs:297 
  at (wrapper managed-to-native) System.Reflection.RuntimeMethodInfo.InternalInvoke(System.Reflection.RuntimeMethodInfo,object,object[],System.Exception&)
  at System.Reflection.RuntimeMethodInfo.Invoke (System.Object obj, System.Reflection.BindingFlags invokeAttr, System.Reflection.Binder binder, System.Object[] parameters, System.Globalization.CultureInfo culture) [0x0006a] in <1071a2cb0cb3433aae80a793c277a048>:0 
   --- End of inner exception stack trace ---
  at System.Reflection.RuntimeMethodInfo.Invoke (System.Object obj, System.Reflection.BindingFlags invokeAttr, System.Reflection.Binder binder, System.Object[] parameters, System.Globalization.CultureInfo culture) [0x00083] in <1071a2cb0cb3433aae80a793c277a048>:0 
  at System.Reflection.MethodBase.Invoke (System.Object obj, System.Object[] parameters) [0x00000] in <1071a2cb0cb3433aae80a793c277a048>:0 
  at UnityEditor.EditorAssemblies.ProcessInitializeOnLoadMethodAttributes () [0x000a5] in <4b8f645257c94d1296f440a10c6f388e>:0 
UnityEngine.StackTraceUtility:ExtractStackTrace ()
UnityEngine.DebugLogHandler:LogFormat (UnityEngine.LogType,UnityEngine.Object,string,object[])
UnityEngine.Logger:Log (UnityEngine.LogType,object)
UnityEngine.Debug:LogError (object)
UnityEditor.EditorAssemblies:ProcessInitializeOnLoadMethodAttributes ()

Mono: successfully reloaded assembly
Package Manager log level set to [2]
[Package Manager] Server::EnsureServerProcessIsRunning -- launch failed, reason: Unity was launched with the -noUpm command-line argument
[Package Manager] UpmClient::Send -- Unable to send message (not connected to UPM process).
[Package Manager] Cannot connect to Unity Package Manager local server
[Package Manager] Server::EnsureServerProcessIsRunning -- launch failed, reason: Unity was launched with the -noUpm command-line argument
[Package Manager] UpmClient::Send -- Unable to send message (not connected to UPM process).
[Package Manager] Cannot connect to Unity Package Manager local server
- Finished resetting the current domain, in  0.537 seconds
Domain Reload Profiling: 1141ms
	BeginReloadAssembly (131ms)
		ExecutionOrderSort (0ms)
		DisableScriptedObjects (4ms)
		BackupInstance (0ms)
		ReleaseScriptingObjects (0ms)
		CreateAndSetChildDomain (17ms)
	RebuildCommonClasses (27ms)
	RebuildNativeTypeToScriptingClass (7ms)
	initialDomainReloadingComplete (30ms)
	LoadAllAssembliesAndSetupDomain (409ms)
		LoadAssemblies (316ms)
		RebuildTransferFunctionScriptingTraits (0ms)
		AnalyzeDomain (179ms)
			TypeCache.Refresh (146ms)
				TypeCache.ScanAssembly (131ms)
			ScanForSourceGeneratedMonoScriptInfo (22ms)
			ResolveRequiredComponents (9ms)
	FinalizeReload (537ms)
		ReleaseScriptCaches (0ms)
		RebuildScriptCaches (0ms)
		SetupLoadedEditorAssemblies (413ms)
			LogAssemblyErrors (0ms)
			InitializePlatformSupportModulesInManaged (4ms)
			SetLoadedEditorAssemblies (4ms)
			RefreshPlugins (0ms)
			BeforeProcessingInitializeOnLoad (63ms)
			ProcessInitializeOnLoadAttributes (264ms)
			ProcessInitializeOnLoadMethodAttributes (74ms)
			AfterProcessingInitializeOnLoad (3ms)
			EditorAssembliesLoaded (0ms)
		ExecutionOrderSort2 (0ms)
		AwakeInstancesAfterBackupRestoration (5ms)
Launched and connected shader compiler UnityShaderCompiler.exe after 0.03 seconds
Refreshing native plugins compatible for Editor in 7.77 ms, found 6 plugins.
Preloading 1 native plugins for Editor in 0.12 ms.
Unloading 6150 Unused Serialized files (Serialized files now loaded: 0)
Unloading 44 unused Assets / (358.2 KB). Loaded Objects now: 6599.
Memory consumption went from 225.2 MB to 224.9 MB.
Total: 5.748900 ms (FindLiveObjects: 0.483400 ms CreateObjectMapping: 0.399400 ms MarkObjects: 4.519600 ms  DeleteObjects: 0.345000 ms)

AssetImportParameters requested are different than current active one (requested -> active):
  custom:container-demuxer-ogg: 62fdf1f143b41e24485cea50d1cbac27 -> 
  custom:video-decoder-ogg-theora: a1e56fd34408186e4bbccfd4996cb3dc -> 
  custom:framework-win-MediaFoundation: 216162199b28c13a410421893ffa2e32 -> 
  custom:CustomObjectIndexerAttribute: 72b91833f83ae208fae7752999fa3104 -> 
  custom:container-demuxer-webm: 4f35f7cbe854078d1ac9338744f61a02 -> 
  custom:container-muxer-webm: aa71ff27fc2769a1b78a27578f13a17b -> 
  custom:video-decoder-webm-vp8: 9c59270c3fd7afecdb556c50c9e8de78 -> 
  custom:SearchIndexIgnoredProperties: e643bd26f0fe6173181afceb89e7c659 -> 
  custom:AudioImporter_EditorPlatform: d09bf68614088b80899f8185d706f6e7 -> 
  custom:video-encoder-webm-vp8: eb34c28f22e8b96e1ab97ce403110664 -> 
  custom:audio-decoder-ogg-vorbis: bf7c407c2cedff20999df2af8eb42d56 -> 
  custom:audio-encoder-webm-vorbis: bf7c407c2cedff20999df2af8eb42d56 -> 
========================================================================
Received Import Request.
  Time since last request: 63514.572546 seconds.
  path: Assets/Samples/XR Interaction Toolkit/2.6.5/Starter Assets/Scripts/ClimbTeleportDestinationIndicator.cs
  artifactKey: Guid(e766f86cb7d2461683eb37d8a971fb14) Importer(815301076,1909f56bfc062723c751e8b465ee728b)
Start importing Assets/Samples/XR Interaction Toolkit/2.6.5/Starter Assets/Scripts/ClimbTeleportDestinationIndicator.cs using Guid(e766f86cb7d2461683eb37d8a971fb14) Importer(815301076,1909f56bfc062723c751e8b465ee728b) [PhysX] Initialized MultithreadedTaskDispatcher with 20 workers.
 -> (artifact id: '9d365f4b37bed03d591180c518b3f1dd') in 0.002178 seconds
Number of updated asset objects reloaded before import = 0
Number of asset objects unloaded after import = 0
========================================================================
Received Import Request.
  Time since last request: 11.819591 seconds.
  path: Assets/Samples/XR Interaction Toolkit/2.6.5/Starter Assets/DemoSceneAssets/Scripts
  artifactKey: Guid(89c7da9a19d09c8419df6ac7f38d429e) Importer(815301076,1909f56bfc062723c751e8b465ee728b)
Start importing Assets/Samples/XR Interaction Toolkit/2.6.5/Starter Assets/DemoSceneAssets/Scripts using Guid(89c7da9a19d09c8419df6ac7f38d429e) Importer(815301076,1909f56bfc062723c751e8b465ee728b) [PhysX] Initialized MultithreadedTaskDispatcher with 20 workers.
 -> (artifact id: '04391a9d66590909e8e471bda6b84b2d') in 0.000433 seconds
Number of updated asset objects reloaded before import = 0
Number of asset objects unloaded after import = 0
========================================================================
Received Import Request.
  Time since last request: 2.008390 seconds.
  path: Assets/Samples/XR Interaction Toolkit/2.6.5/Starter Assets/DemoSceneAssets/Scripts/TeleportVolumeAnchorAffordanceStateLink.cs
  artifactKey: Guid(7da98a0edd844d83b9b4de3f91de030c) Importer(815301076,1909f56bfc062723c751e8b465ee728b)
Start importing Assets/Samples/XR Interaction Toolkit/2.6.5/Starter Assets/DemoSceneAssets/Scripts/TeleportVolumeAnchorAffordanceStateLink.cs using Guid(7da98a0edd844d83b9b4de3f91de030c) Importer(815301076,1909f56bfc062723c751e8b465ee728b) [PhysX] Initialized MultithreadedTaskDispatcher with 20 workers.
 -> (artifact id: '47377c196b8046b390ce52a55a45346d') in 0.000433 seconds
Number of updated asset objects reloaded before import = 0
Number of asset objects unloaded after import = 0
========================================================================
Received Import Request.
  Time since last request: 28.262159 seconds.
  path: Packages/com.unity.xr.interaction.toolkit/package.json
  artifactKey: Guid(fac9fb4ad804244e0911f21e340a3d5b) Importer(815301076,1909f56bfc062723c751e8b465ee728b)
Start importing Packages/com.unity.xr.interaction.toolkit/package.json using Guid(fac9fb4ad804244e0911f21e340a3d5b) Importer(815301076,1909f56bfc062723c751e8b465ee728b) [PhysX] Initialized MultithreadedTaskDispatcher with 20 workers.
 -> (artifact id: '3a961a9efbb6022b59e324dcb379dd05') in 0.008941 seconds
Number of updated asset objects reloaded before import = 0
Number of asset objects unloaded after import = 1
========================================================================
Received Import Request.
  Time since last request: 6.991974 seconds.
  path: Assets/Scenes
  artifactKey: Guid(ba9fe9dc9e7a3bd4c96f657a60f52a4e) Importer(815301076,1909f56bfc062723c751e8b465ee728b)
Start importing Assets/Scenes using Guid(ba9fe9dc9e7a3bd4c96f657a60f52a4e) Importer(815301076,1909f56bfc062723c751e8b465ee728b) [PhysX] Initialized MultithreadedTaskDispatcher with 20 workers.
 -> (artifact id: '7f9bfc71f2704f0efe392ede2c7b3ab0') in 0.000422 seconds
Number of updated asset objects reloaded before import = 0
Number of asset objects unloaded after import = 0
========================================================================
Received Import Request.
  Time since last request: 32.306621 seconds.
  path: Assets/Materials/cat.mat
  artifactKey: Guid(77945cf670d27224aaa732b3abc09f11) Importer(815301076,1909f56bfc062723c751e8b465ee728b)
Start importing Assets/Materials/cat.mat using Guid(77945cf670d27224aaa732b3abc09f11) Importer(815301076,1909f56bfc062723c751e8b465ee728b) [PhysX] Initialized MultithreadedTaskDispatcher with 20 workers.
[PhysX] Initialized MultithreadedTaskDispatcher with 20 workers.
 -> (artifact id: 'fa06f80b44e3ea96803870c5b71f2c05') in 0.609837 seconds
Number of updated asset objects reloaded before import = 0
Number of asset objects unloaded after import = 21
========================================================================
Received Import Request.
  Time since last request: 0.337996 seconds.
  path: Assets/Materials
  artifactKey: Guid(211db189d6ee6954a8e108e0baf731dd) Importer(815301076,1909f56bfc062723c751e8b465ee728b)
Start importing Assets/Materials using Guid(211db189d6ee6954a8e108e0baf731dd) Importer(815301076,1909f56bfc062723c751e8b465ee728b) [PhysX] Initialized MultithreadedTaskDispatcher with 20 workers.
 -> (artifact id: '9e861380d90e2aefea22508ff26fb7e6') in 0.000611 seconds
Number of updated asset objects reloaded before import = 0
Number of asset objects unloaded after import = 0
========================================================================
Received Import Request.
  Time since last request: 9.780843 seconds.
  path: Assets/Materials/Teleport_Ground.mat
  artifactKey: Guid(95e3300853f419142bb3a8efbec9eb4f) Importer(815301076,1909f56bfc062723c751e8b465ee728b)
Start importing Assets/Materials/Teleport_Ground.mat using Guid(95e3300853f419142bb3a8efbec9eb4f) Importer(815301076,1909f56bfc062723c751e8b465ee728b) [PhysX] Initialized MultithreadedTaskDispatcher with 20 workers.
[PhysX] Initialized MultithreadedTaskDispatcher with 20 workers.
 -> (artifact id: '36acf2910f3c1b0b0a6396b6c1cfff37') in 0.006456 seconds
Number of updated asset objects reloaded before import = 0
Number of asset objects unloaded after import = 2
========================================================================
Received Prepare
Caller must complete domain reload
Begin MonoManager ReloadAssembly
- Loaded All Assemblies, in  0.359 seconds
Native extension for WindowsStandalone target not found
System.Reflection.TargetInvocationException: Exception has been thrown by the target of an invocation. ---> System.NullReferenceException: Object reference not set to an instance of an object
  at Unity.XR.Oculus.OculusLoader.AssetPathToAbsolutePath (System.String assetPath) [0x0003d] in .\Library\PackageCache\com.unity.xr.oculus@4.5.2\Runtime\OculusLoader.cs:312 
  at Unity.XR.Oculus.OculusLoader.EditorLoadOVRPlugin () [0x0008c] in .\Library\PackageCache\com.unity.xr.oculus@4.5.2\Runtime\OculusLoader.cs:297 
  at (wrapper managed-to-native) System.Reflection.RuntimeMethodInfo.InternalInvoke(System.Reflection.RuntimeMethodInfo,object,object[],System.Exception&)
  at System.Reflection.RuntimeMethodInfo.Invoke (System.Object obj, System.Reflection.BindingFlags invokeAttr, System.Reflection.Binder binder, System.Object[] parameters, System.Globalization.CultureInfo culture) [0x0006a] in <1071a2cb0cb3433aae80a793c277a048>:0 
   --- End of inner exception stack trace ---
  at System.Reflection.RuntimeMethodInfo.Invoke (System.Object obj, System.Reflection.BindingFlags invokeAttr, System.Reflection.Binder binder, System.Object[] parameters, System.Globalization.CultureInfo culture) [0x00083] in <1071a2cb0cb3433aae80a793c277a048>:0 
  at System.Reflection.MethodBase.Invoke (System.Object obj, System.Object[] parameters) [0x00000] in <1071a2cb0cb3433aae80a793c277a048>:0 
  at UnityEditor.EditorAssemblies.ProcessInitializeOnLoadMethodAttributes () [0x000a5] in <4b8f645257c94d1296f440a10c6f388e>:0 
UnityEngine.StackTraceUtility:ExtractStackTrace ()
UnityEngine.DebugLogHandler:LogFormat (UnityEngine.LogType,UnityEngine.Object,string,object[])
UnityEngine.Logger:Log (UnityEngine.LogType,object)
UnityEngine.Debug:LogError (object)
UnityEditor.EditorAssemblies:ProcessInitializeOnLoadMethodAttributes ()

Mono: successfully reloaded assembly
[Package Manager] Server::EnsureServerProcessIsRunning -- launch failed, reason: Unity was launched with the -noUpm command-line argument
[Package Manager] UpmClient::Send -- Unable to send message (not connected to UPM process).
[Package Manager] Cannot connect to Unity Package Manager local server
- Finished resetting the current domain, in  0.910 seconds
Domain Reload Profiling: 1268ms
	BeginReloadAssembly (123ms)
		ExecutionOrderSort (0ms)
		DisableScriptedObjects (7ms)
		BackupInstance (0ms)
		ReleaseScriptingObjects (0ms)
		CreateAndSetChildDomain (31ms)
	RebuildCommonClasses (22ms)
	RebuildNativeTypeToScriptingClass (7ms)
	initialDomainReloadingComplete (22ms)
	LoadAllAssembliesAndSetupDomain (182ms)
		LoadAssemblies (226ms)
		RebuildTransferFunctionScriptingTraits (0ms)
		AnalyzeDomain (15ms)
			TypeCache.Refresh (5ms)
				TypeCache.ScanAssembly (0ms)
			ScanForSourceGeneratedMonoScriptInfo (0ms)
			ResolveRequiredComponents (9ms)
	FinalizeReload (910ms)
		ReleaseScriptCaches (0ms)
		RebuildScriptCaches (0ms)
		SetupLoadedEditorAssemblies (411ms)
			LogAssemblyErrors (0ms)
			InitializePlatformSupportModulesInManaged (5ms)
			SetLoadedEditorAssemblies (3ms)
			RefreshPlugins (0ms)
			BeforeProcessingInitializeOnLoad (59ms)
			ProcessInitializeOnLoadAttributes (264ms)
			ProcessInitializeOnLoadMethodAttributes (76ms)
			AfterProcessingInitializeOnLoad (4ms)
			EditorAssembliesLoaded (0ms)
		ExecutionOrderSort2 (0ms)
		AwakeInstancesAfterBackupRestoration (15ms)
Refreshing native plugins compatible for Editor in 4.93 ms, found 6 plugins.
Preloading 1 native plugins for Editor in 0.10 ms.
Unloading 5996 Unused Serialized files (Serialized files now loaded: 0)
Unloading 37 unused Assets / (325.3 KB). Loaded Objects now: 6683.
Memory consumption went from 203.9 MB to 203.6 MB.
Total: 3.406200 ms (FindLiveObjects: 0.401600 ms CreateObjectMapping: 0.212000 ms MarkObjects: 2.693800 ms  DeleteObjects: 0.097700 ms)

Prepare: number of updated asset objects reloaded= 0
AssetImportParameters requested are different than current active one (requested -> active):
  custom:container-demuxer-ogg: 62fdf1f143b41e24485cea50d1cbac27 -> 
  custom:video-decoder-ogg-theora: a1e56fd34408186e4bbccfd4996cb3dc -> 
  custom:framework-win-MediaFoundation: 216162199b28c13a410421893ffa2e32 -> 
  custom:CustomObjectIndexerAttribute: 72b91833f83ae208fae7752999fa3104 -> 
  custom:container-demuxer-webm: 4f35f7cbe854078d1ac9338744f61a02 -> 
  custom:container-muxer-webm: aa71ff27fc2769a1b78a27578f13a17b -> 
  custom:video-decoder-webm-vp8: 9c59270c3fd7afecdb556c50c9e8de78 -> 
  custom:SearchIndexIgnoredProperties: e643bd26f0fe6173181afceb89e7c659 -> 
  custom:AudioImporter_EditorPlatform: d09bf68614088b80899f8185d706f6e7 -> 
  custom:video-encoder-webm-vp8: eb34c28f22e8b96e1ab97ce403110664 -> 
  custom:audio-decoder-ogg-vorbis: bf7c407c2cedff20999df2af8eb42d56 -> 
  custom:audio-encoder-webm-vorbis: bf7c407c2cedff20999df2af8eb42d56 -> 
========================================================================
Received Prepare
Caller must complete domain reload
Begin MonoManager ReloadAssembly
- Loaded All Assemblies, in  0.326 seconds
Native extension for WindowsStandalone target not found
System.Reflection.TargetInvocationException: Exception has been thrown by the target of an invocation. ---> System.NullReferenceException: Object reference not set to an instance of an object
  at Unity.XR.Oculus.OculusLoader.AssetPathToAbsolutePath (System.String assetPath) [0x0003d] in .\Library\PackageCache\com.unity.xr.oculus@4.5.2\Runtime\OculusLoader.cs:312 
  at Unity.XR.Oculus.OculusLoader.EditorLoadOVRPlugin () [0x0008c] in .\Library\PackageCache\com.unity.xr.oculus@4.5.2\Runtime\OculusLoader.cs:297 
  at (wrapper managed-to-native) System.Reflection.RuntimeMethodInfo.InternalInvoke(System.Reflection.RuntimeMethodInfo,object,object[],System.Exception&)
  at System.Reflection.RuntimeMethodInfo.Invoke (System.Object obj, System.Reflection.BindingFlags invokeAttr, System.Reflection.Binder binder, System.Object[] parameters, System.Globalization.CultureInfo culture) [0x0006a] in <1071a2cb0cb3433aae80a793c277a048>:0 
   --- End of inner exception stack trace ---
  at System.Reflection.RuntimeMethodInfo.Invoke (System.Object obj, System.Reflection.BindingFlags invokeAttr, System.Reflection.Binder binder, System.Object[] parameters, System.Globalization.CultureInfo culture) [0x00083] in <1071a2cb0cb3433aae80a793c277a048>:0 
  at System.Reflection.MethodBase.Invoke (System.Object obj, System.Object[] parameters) [0x00000] in <1071a2cb0cb3433aae80a793c277a048>:0 
  at UnityEditor.EditorAssemblies.ProcessInitializeOnLoadMethodAttributes () [0x000a5] in <4b8f645257c94d1296f440a10c6f388e>:0 
UnityEngine.StackTraceUtility:ExtractStackTrace ()
UnityEngine.DebugLogHandler:LogFormat (UnityEngine.LogType,UnityEngine.Object,string,object[])
UnityEngine.Logger:Log (UnityEngine.LogType,object)
UnityEngine.Debug:LogError (object)
UnityEditor.EditorAssemblies:ProcessInitializeOnLoadMethodAttributes ()

Mono: successfully reloaded assembly
[Package Manager] Server::EnsureServerProcessIsRunning -- launch failed, reason: Unity was launched with the -noUpm command-line argument
[Package Manager] UpmClient::Send -- Unable to send message (not connected to UPM process).
[Package Manager] Cannot connect to Unity Package Manager local server
- Finished resetting the current domain, in  0.878 seconds
Domain Reload Profiling: 1203ms
	BeginReloadAssembly (113ms)
		ExecutionOrderSort (0ms)
		DisableScriptedObjects (3ms)
		BackupInstance (0ms)
		ReleaseScriptingObjects (0ms)
		CreateAndSetChildDomain (26ms)
	RebuildCommonClasses (22ms)
	RebuildNativeTypeToScriptingClass (7ms)
	initialDomainReloadingComplete (19ms)
	LoadAllAssembliesAndSetupDomain (163ms)
		LoadAssemblies (205ms)
		RebuildTransferFunctionScriptingTraits (0ms)
		AnalyzeDomain (16ms)
			TypeCache.Refresh (6ms)
				TypeCache.ScanAssembly (0ms)
			ScanForSourceGeneratedMonoScriptInfo (0ms)
			ResolveRequiredComponents (9ms)
	FinalizeReload (879ms)
		ReleaseScriptCaches (0ms)
		RebuildScriptCaches (0ms)
		SetupLoadedEditorAssemblies (386ms)
			LogAssemblyErrors (0ms)
			InitializePlatformSupportModulesInManaged (5ms)
			SetLoadedEditorAssemblies (3ms)
			RefreshPlugins (0ms)
			BeforeProcessingInitializeOnLoad (59ms)
			ProcessInitializeOnLoadAttributes (247ms)
			ProcessInitializeOnLoadMethodAttributes (68ms)
			AfterProcessingInitializeOnLoad (4ms)
			EditorAssembliesLoaded (0ms)
		ExecutionOrderSort2 (0ms)
		AwakeInstancesAfterBackupRestoration (16ms)
Refreshing native plugins compatible for Editor in 3.83 ms, found 6 plugins.
Preloading 1 native plugins for Editor in 0.07 ms.
Unloading 5996 Unused Serialized files (Serialized files now loaded: 0)
Unloading 37 unused Assets / (325.4 KB). Loaded Objects now: 6688.
Memory consumption went from 203.9 MB to 203.6 MB.
Total: 2.787800 ms (FindLiveObjects: 0.311000 ms CreateObjectMapping: 0.184600 ms MarkObjects: 2.217400 ms  DeleteObjects: 0.074300 ms)

Prepare: number of updated asset objects reloaded= 0
AssetImportParameters requested are different than current active one (requested -> active):
  custom:container-demuxer-ogg: 62fdf1f143b41e24485cea50d1cbac27 -> 
  custom:video-decoder-ogg-theora: a1e56fd34408186e4bbccfd4996cb3dc -> 
  custom:framework-win-MediaFoundation: 216162199b28c13a410421893ffa2e32 -> 
  custom:CustomObjectIndexerAttribute: 72b91833f83ae208fae7752999fa3104 -> 
  custom:container-demuxer-webm: 4f35f7cbe854078d1ac9338744f61a02 -> 
  custom:container-muxer-webm: aa71ff27fc2769a1b78a27578f13a17b -> 
  custom:video-decoder-webm-vp8: 9c59270c3fd7afecdb556c50c9e8de78 -> 
  custom:SearchIndexIgnoredProperties: e643bd26f0fe6173181afceb89e7c659 -> 
  custom:AudioImporter_EditorPlatform: d09bf68614088b80899f8185d706f6e7 -> 
  custom:video-encoder-webm-vp8: eb34c28f22e8b96e1ab97ce403110664 -> 
  custom:audio-decoder-ogg-vorbis: bf7c407c2cedff20999df2af8eb42d56 -> 
  custom:audio-encoder-webm-vorbis: bf7c407c2cedff20999df2af8eb42d56 -> 
========================================================================
Received Prepare
Caller must complete domain reload
Begin MonoManager ReloadAssembly
- Loaded All Assemblies, in  0.309 seconds
Native extension for WindowsStandalone target not found
System.Reflection.TargetInvocationException: Exception has been thrown by the target of an invocation. ---> System.NullReferenceException: Object reference not set to an instance of an object
  at Unity.XR.Oculus.OculusLoader.AssetPathToAbsolutePath (System.String assetPath) [0x0003d] in .\Library\PackageCache\com.unity.xr.oculus@4.5.2\Runtime\OculusLoader.cs:312 
  at Unity.XR.Oculus.OculusLoader.EditorLoadOVRPlugin () [0x0008c] in .\Library\PackageCache\com.unity.xr.oculus@4.5.2\Runtime\OculusLoader.cs:297 
  at (wrapper managed-to-native) System.Reflection.RuntimeMethodInfo.InternalInvoke(System.Reflection.RuntimeMethodInfo,object,object[],System.Exception&)
  at System.Reflection.RuntimeMethodInfo.Invoke (System.Object obj, System.Reflection.BindingFlags invokeAttr, System.Reflection.Binder binder, System.Object[] parameters, System.Globalization.CultureInfo culture) [0x0006a] in <1071a2cb0cb3433aae80a793c277a048>:0 
   --- End of inner exception stack trace ---
  at System.Reflection.RuntimeMethodInfo.Invoke (System.Object obj, System.Reflection.BindingFlags invokeAttr, System.Reflection.Binder binder, System.Object[] parameters, System.Globalization.CultureInfo culture) [0x00083] in <1071a2cb0cb3433aae80a793c277a048>:0 
  at System.Reflection.MethodBase.Invoke (System.Object obj, System.Object[] parameters) [0x00000] in <1071a2cb0cb3433aae80a793c277a048>:0 
  at UnityEditor.EditorAssemblies.ProcessInitializeOnLoadMethodAttributes () [0x000a5] in <4b8f645257c94d1296f440a10c6f388e>:0 
UnityEngine.StackTraceUtility:ExtractStackTrace ()
UnityEngine.DebugLogHandler:LogFormat (UnityEngine.LogType,UnityEngine.Object,string,object[])
UnityEngine.Logger:Log (UnityEngine.LogType,object)
UnityEngine.Debug:LogError (object)
UnityEditor.EditorAssemblies:ProcessInitializeOnLoadMethodAttributes ()

Mono: successfully reloaded assembly
[Package Manager] Server::EnsureServerProcessIsRunning -- launch failed, reason: Unity was launched with the -noUpm command-line argument
[Package Manager] UpmClient::Send -- Unable to send message (not connected to UPM process).
[Package Manager] Cannot connect to Unity Package Manager local server
- Finished resetting the current domain, in  0.850 seconds
Domain Reload Profiling: 1158ms
	BeginReloadAssembly (110ms)
		ExecutionOrderSort (0ms)
		DisableScriptedObjects (3ms)
		BackupInstance (0ms)
		ReleaseScriptingObjects (0ms)
		CreateAndSetChildDomain (25ms)
	RebuildCommonClasses (21ms)
	RebuildNativeTypeToScriptingClass (7ms)
	initialDomainReloadingComplete (19ms)
	LoadAllAssembliesAndSetupDomain (151ms)
		LoadAssemblies (191ms)
		RebuildTransferFunctionScriptingTraits (0ms)
		AnalyzeDomain (15ms)
			TypeCache.Refresh (5ms)
				TypeCache.ScanAssembly (0ms)
			ScanForSourceGeneratedMonoScriptInfo (0ms)
			ResolveRequiredComponents (9ms)
	FinalizeReload (851ms)
		ReleaseScriptCaches (0ms)
		RebuildScriptCaches (0ms)
		SetupLoadedEditorAssemblies (402ms)
			LogAssemblyErrors (0ms)
			InitializePlatformSupportModulesInManaged (5ms)
			SetLoadedEditorAssemblies (3ms)
			RefreshPlugins (0ms)
			BeforeProcessingInitializeOnLoad (63ms)
			ProcessInitializeOnLoadAttributes (257ms)
			ProcessInitializeOnLoadMethodAttributes (71ms)
			AfterProcessingInitializeOnLoad (3ms)
			EditorAssembliesLoaded (0ms)
		ExecutionOrderSort2 (0ms)
		AwakeInstancesAfterBackupRestoration (16ms)
Refreshing native plugins compatible for Editor in 3.86 ms, found 6 plugins.
Preloading 1 native plugins for Editor in 0.06 ms.
Unloading 5996 Unused Serialized files (Serialized files now loaded: 0)
Unloading 37 unused Assets / (326.4 KB). Loaded Objects now: 6693.
Memory consumption went from 203.9 MB to 203.6 MB.
Total: 3.114700 ms (FindLiveObjects: 0.416700 ms CreateObjectMapping: 0.314200 ms MarkObjects: 2.293600 ms  DeleteObjects: 0.089500 ms)

Prepare: number of updated asset objects reloaded= 0
AssetImportParameters requested are different than current active one (requested -> active):
  custom:container-demuxer-ogg: 62fdf1f143b41e24485cea50d1cbac27 -> 
  custom:video-decoder-ogg-theora: a1e56fd34408186e4bbccfd4996cb3dc -> 
  custom:framework-win-MediaFoundation: 216162199b28c13a410421893ffa2e32 -> 
  custom:CustomObjectIndexerAttribute: 72b91833f83ae208fae7752999fa3104 -> 
  custom:container-demuxer-webm: 4f35f7cbe854078d1ac9338744f61a02 -> 
  custom:container-muxer-webm: aa71ff27fc2769a1b78a27578f13a17b -> 
  custom:video-decoder-webm-vp8: 9c59270c3fd7afecdb556c50c9e8de78 -> 
  custom:SearchIndexIgnoredProperties: e643bd26f0fe6173181afceb89e7c659 -> 
  custom:AudioImporter_EditorPlatform: d09bf68614088b80899f8185d706f6e7 -> 
  custom:video-encoder-webm-vp8: eb34c28f22e8b96e1ab97ce403110664 -> 
  custom:audio-decoder-ogg-vorbis: bf7c407c2cedff20999df2af8eb42d56 -> 
  custom:audio-encoder-webm-vorbis: bf7c407c2cedff20999df2af8eb42d56 -> 
========================================================================
Received Prepare
Caller must complete domain reload
Begin MonoManager ReloadAssembly
- Loaded All Assemblies, in  0.321 seconds
Native extension for WindowsStandalone target not found
System.Reflection.TargetInvocationException: Exception has been thrown by the target of an invocation. ---> System.NullReferenceException: Object reference not set to an instance of an object
  at Unity.XR.Oculus.OculusLoader.AssetPathToAbsolutePath (System.String assetPath) [0x0003d] in .\Library\PackageCache\com.unity.xr.oculus@4.5.2\Runtime\OculusLoader.cs:312 
  at Unity.XR.Oculus.OculusLoader.EditorLoadOVRPlugin () [0x0008c] in .\Library\PackageCache\com.unity.xr.oculus@4.5.2\Runtime\OculusLoader.cs:297 
  at (wrapper managed-to-native) System.Reflection.RuntimeMethodInfo.InternalInvoke(System.Reflection.RuntimeMethodInfo,object,object[],System.Exception&)
  at System.Reflection.RuntimeMethodInfo.Invoke (System.Object obj, System.Reflection.BindingFlags invokeAttr, System.Reflection.Binder binder, System.Object[] parameters, System.Globalization.CultureInfo culture) [0x0006a] in <1071a2cb0cb3433aae80a793c277a048>:0 
   --- End of inner exception stack trace ---
  at System.Reflection.RuntimeMethodInfo.Invoke (System.Object obj, System.Reflection.BindingFlags invokeAttr, System.Reflection.Binder binder, System.Object[] parameters, System.Globalization.CultureInfo culture) [0x00083] in <1071a2cb0cb3433aae80a793c277a048>:0 
  at System.Reflection.MethodBase.Invoke (System.Object obj, System.Object[] parameters) [0x00000] in <1071a2cb0cb3433aae80a793c277a048>:0 
  at UnityEditor.EditorAssemblies.ProcessInitializeOnLoadMethodAttributes () [0x000a5] in <4b8f645257c94d1296f440a10c6f388e>:0 
UnityEngine.StackTraceUtility:ExtractStackTrace ()
UnityEngine.DebugLogHandler:LogFormat (UnityEngine.LogType,UnityEngine.Object,string,object[])
UnityEngine.Logger:Log (UnityEngine.LogType,object)
UnityEngine.Debug:LogError (object)
UnityEditor.EditorAssemblies:ProcessInitializeOnLoadMethodAttributes ()

Mono: successfully reloaded assembly
[Package Manager] Server::EnsureServerProcessIsRunning -- launch failed, reason: Unity was launched with the -noUpm command-line argument
[Package Manager] UpmClient::Send -- Unable to send message (not connected to UPM process).
[Package Manager] Cannot connect to Unity Package Manager local server
- Finished resetting the current domain, in  0.874 seconds
Domain Reload Profiling: 1194ms
	BeginReloadAssembly (115ms)
		ExecutionOrderSort (0ms)
		DisableScriptedObjects (3ms)
		BackupInstance (0ms)
		ReleaseScriptingObjects (0ms)
		CreateAndSetChildDomain (30ms)
	RebuildCommonClasses (21ms)
	RebuildNativeTypeToScriptingClass (7ms)
	initialDomainReloadingComplete (19ms)
	LoadAllAssembliesAndSetupDomain (158ms)
		LoadAssemblies (199ms)
		RebuildTransferFunctionScriptingTraits (0ms)
		AnalyzeDomain (15ms)
			TypeCache.Refresh (5ms)
				TypeCache.ScanAssembly (0ms)
			ScanForSourceGeneratedMonoScriptInfo (0ms)
			ResolveRequiredComponents (9ms)
	FinalizeReload (875ms)
		ReleaseScriptCaches (0ms)
		RebuildScriptCaches (0ms)
		SetupLoadedEditorAssemblies (427ms)
			LogAssemblyErrors (0ms)
			InitializePlatformSupportModulesInManaged (5ms)
			SetLoadedEditorAssemblies (3ms)
			RefreshPlugins (0ms)
			BeforeProcessingInitializeOnLoad (58ms)
			ProcessInitializeOnLoadAttributes (277ms)
			ProcessInitializeOnLoadMethodAttributes (79ms)
			AfterProcessingInitializeOnLoad (4ms)
			EditorAssembliesLoaded (0ms)
		ExecutionOrderSort2 (0ms)
		AwakeInstancesAfterBackupRestoration (18ms)
Refreshing native plugins compatible for Editor in 4.76 ms, found 6 plugins.
Preloading 1 native plugins for Editor in 0.09 ms.
Unloading 5996 Unused Serialized files (Serialized files now loaded: 0)
Unloading 37 unused Assets / (325.5 KB). Loaded Objects now: 6698.
Memory consumption went from 203.9 MB to 203.6 MB.
Total: 3.101000 ms (FindLiveObjects: 0.425400 ms CreateObjectMapping: 0.203100 ms MarkObjects: 2.384700 ms  DeleteObjects: 0.086600 ms)

Prepare: number of updated asset objects reloaded= 0
AssetImportParameters requested are different than current active one (requested -> active):
  custom:container-demuxer-ogg: 62fdf1f143b41e24485cea50d1cbac27 -> 
  custom:video-decoder-ogg-theora: a1e56fd34408186e4bbccfd4996cb3dc -> 
  custom:framework-win-MediaFoundation: 216162199b28c13a410421893ffa2e32 -> 
  custom:CustomObjectIndexerAttribute: 72b91833f83ae208fae7752999fa3104 -> 
  custom:container-demuxer-webm: 4f35f7cbe854078d1ac9338744f61a02 -> 
  custom:container-muxer-webm: aa71ff27fc2769a1b78a27578f13a17b -> 
  custom:video-decoder-webm-vp8: 9c59270c3fd7afecdb556c50c9e8de78 -> 
  custom:SearchIndexIgnoredProperties: e643bd26f0fe6173181afceb89e7c659 -> 
  custom:AudioImporter_EditorPlatform: d09bf68614088b80899f8185d706f6e7 -> 
  custom:video-encoder-webm-vp8: eb34c28f22e8b96e1ab97ce403110664 -> 
  custom:audio-decoder-ogg-vorbis: bf7c407c2cedff20999df2af8eb42d56 -> 
  custom:audio-encoder-webm-vorbis: bf7c407c2cedff20999df2af8eb42d56 -> 
========================================================================
Received Prepare
Caller must complete domain reload
Begin MonoManager ReloadAssembly
- Loaded All Assemblies, in  0.367 seconds
Native extension for WindowsStandalone target not found
System.Reflection.TargetInvocationException: Exception has been thrown by the target of an invocation. ---> System.NullReferenceException: Object reference not set to an instance of an object
  at Unity.XR.Oculus.OculusLoader.AssetPathToAbsolutePath (System.String assetPath) [0x0003d] in .\Library\PackageCache\com.unity.xr.oculus@4.5.2\Runtime\OculusLoader.cs:312 
  at Unity.XR.Oculus.OculusLoader.EditorLoadOVRPlugin () [0x0008c] in .\Library\PackageCache\com.unity.xr.oculus@4.5.2\Runtime\OculusLoader.cs:297 
  at (wrapper managed-to-native) System.Reflection.RuntimeMethodInfo.InternalInvoke(System.Reflection.RuntimeMethodInfo,object,object[],System.Exception&)
  at System.Reflection.RuntimeMethodInfo.Invoke (System.Object obj, System.Reflection.BindingFlags invokeAttr, System.Reflection.Binder binder, System.Object[] parameters, System.Globalization.CultureInfo culture) [0x0006a] in <1071a2cb0cb3433aae80a793c277a048>:0 
   --- End of inner exception stack trace ---
  at System.Reflection.RuntimeMethodInfo.Invoke (System.Object obj, System.Reflection.BindingFlags invokeAttr, System.Reflection.Binder binder, System.Object[] parameters, System.Globalization.CultureInfo culture) [0x00083] in <1071a2cb0cb3433aae80a793c277a048>:0 
  at System.Reflection.MethodBase.Invoke (System.Object obj, System.Object[] parameters) [0x00000] in <1071a2cb0cb3433aae80a793c277a048>:0 
  at UnityEditor.EditorAssemblies.ProcessInitializeOnLoadMethodAttributes () [0x000a5] in <4b8f645257c94d1296f440a10c6f388e>:0 
UnityEngine.StackTraceUtility:ExtractStackTrace ()
UnityEngine.DebugLogHandler:LogFormat (UnityEngine.LogType,UnityEngine.Object,string,object[])
UnityEngine.Logger:Log (UnityEngine.LogType,object)
UnityEngine.Debug:LogError (object)
UnityEditor.EditorAssemblies:ProcessInitializeOnLoadMethodAttributes ()

Mono: successfully reloaded assembly
[Package Manager] Server::EnsureServerProcessIsRunning -- launch failed, reason: Unity was launched with the -noUpm command-line argument
[Package Manager] UpmClient::Send -- Unable to send message (not connected to UPM process).
[Package Manager] Cannot connect to Unity Package Manager local server
- Finished resetting the current domain, in  0.856 seconds
Domain Reload Profiling: 1221ms
	BeginReloadAssembly (114ms)
		ExecutionOrderSort (0ms)
		DisableScriptedObjects (3ms)
		BackupInstance (0ms)
		ReleaseScriptingObjects (0ms)
		CreateAndSetChildDomain (27ms)
	RebuildCommonClasses (21ms)
	RebuildNativeTypeToScriptingClass (7ms)
	initialDomainReloadingComplete (19ms)
	LoadAllAssembliesAndSetupDomain (203ms)
		LoadAssemblies (210ms)
		RebuildTransferFunctionScriptingTraits (0ms)
		AnalyzeDomain (51ms)
			TypeCache.Refresh (17ms)
				TypeCache.ScanAssembly (9ms)
			ScanForSourceGeneratedMonoScriptInfo (24ms)
			ResolveRequiredComponents (8ms)
	FinalizeReload (856ms)
		ReleaseScriptCaches (0ms)
		RebuildScriptCaches (0ms)
		SetupLoadedEditorAssemblies (406ms)
			LogAssemblyErrors (0ms)
			InitializePlatformSupportModulesInManaged (4ms)
			SetLoadedEditorAssemblies (2ms)
			RefreshPlugins (0ms)
			BeforeProcessingInitializeOnLoad (58ms)
			ProcessInitializeOnLoadAttributes (260ms)
			ProcessInitializeOnLoadMethodAttributes (78ms)
			AfterProcessingInitializeOnLoad (3ms)
			EditorAssembliesLoaded (0ms)
		ExecutionOrderSort2 (0ms)
		AwakeInstancesAfterBackupRestoration (13ms)
Refreshing native plugins compatible for Editor in 7.64 ms, found 12 plugins.
Preloading 1 native plugins for Editor in 0.06 ms.
Unloading 6162 Unused Serialized files (Serialized files now loaded: 0)
Unloading 76 unused Assets / (346.6 KB). Loaded Objects now: 6830.
Memory consumption went from 208.3 MB to 208.0 MB.
Total: 2.753700 ms (FindLiveObjects: 0.302000 ms CreateObjectMapping: 0.175900 ms MarkObjects: 2.171500 ms  DeleteObjects: 0.103600 ms)

Prepare: number of updated asset objects reloaded= 0
AssetImportParameters requested are different than current active one (requested -> active):
  custom:scripting/monoscript/fileName/OpenXRFeatureSettingsEditor.cs: 46f7bc9b6667349416d592c92274a2cd -> 
  custom:scripting/monoscript/fileName/DPadInteraction.cs: 93f85c8ba74c4199c8fc9b6e8c6fb8a6 -> 
  custom:container-demuxer-ogg: 62fdf1f143b41e24485cea50d1cbac27 -> 
  custom:scripting/monoscript/fileName/UWPCoreWindowBuildHooks.cs: 528ee0545204f8083d130ec04efc78bc -> 
  custom:scripting/monoscript/fileName/OpenXRLoaderBase.cs: 0b6a60b837fc38165e3eaf7aaf2bf3e3 -> 
  custom:scripting/monoscript/fileName/MetaQuestFeatureEditor.cs: fff340053bb2e94334d0d5989f2eb349 -> 
  custom:scripting/monoscript/fileName/PalmPoseInteraction.cs: 6bd25b6029acb9127f25748cb0b6d2a8 -> 
  custom:scripting/precompiled-assembly-types:Unity.XR.OpenXR.Editor: b2a8f17f09055950b7f19e2845cbc5c2 -> 
  custom:scripting/monoscript/fileName/MetaQuestTouchPlusControllerProfile.cs: 4b9439e11567c27c85546e11bafeabe7 -> 
  custom:scripting/monoscript/fileName/OpenXRRuntime.cs: c3a00f9ce6a0283dcb391b83637adf44 -> 
  custom:video-decoder-ogg-theora: a1e56fd34408186e4bbccfd4996cb3dc -> 
  custom:scripting/monoscript/fileName/MetaQuestTouchProControllerProfile.cs: 9fffae235d4c14901711127c7daeb86c -> 
  custom:scripting/monoscript/fileName/OpenXRConstants.cs: f878d042bd3999b796b9387b0c8a1032 -> 
  custom:scripting/monoscript/fileName/OpenXRFeatureUICommon.cs: 45f7a59cd9c5cd84e28e0f7a429879c2 -> 
  custom:framework-win-MediaFoundation: 216162199b28c13a410421893ffa2e32 -> 
  custom:scripting/precompiled-assembly-types:Unity.XR.OpenXR.Features.OculusQuestSupport.Editor: c62b8d05b94c435029ef9fc43d7261ca -> 
  custom:scripting/monoscript/fileName/OpenXRLoaderUI.cs: ebd8d704d5e26f054d43886c272cd005 -> 
  custom:scripting/monoscript/fileName/WaitForRestartFinish.cs: 0e76bf389cf347a5d8d6432ec661895f -> 
  custom:scripting/monoscript/fileName/KHRSimpleControllerProfile.cs: bcdcb81587b2075f7af2f75706b9e69a -> 
  custom:scripting/monoscript/fileName/OpenXRFeatureSettings.cs: 90647cc400823b41df847a6cbfc29026 -> 
  custom:scripting/monoscript/fileName/OpenXRBuildProcessor.cs: 48dc0e114f75799c0d74bafe70808189 -> 
  custom:scripting/monoscript/fileName/OpenXRFeatureInternal.cs: 90647cc400823b41df847a6cbfc29026 -> 
  custom:scripting/monoscript/fileName/OpenXRSpaceSettings.cs: 90647cc400823b41df847a6cbfc29026 -> 
  custom:scripting/monoscript/fileName/DPadInteractionCustomEditor.cs: d93785eeae2b4d41d39f603bd6f9849d -> 
  custom:scripting/precompiled-assembly-types:Unity.XR.OpenXR.Features.RuntimeDebugger.Editor: e1cc4b3ad1ade1a1503c3d79a1cfcaf0 -> 
  custom:scripting/monoscript/fileName/ConformanceAutomationFeature.cs: 97112e825fad9ed87f6a9c7acc231c0b -> 
  custom:scripting/monoscript/fileName/FeatureHelpers.cs: 0e8d07707daeed1da30b1605e903226b -> 
  custom:scripting/monoscript/fileName/DebuggerState.cs: 41070b7a08cc178a9ea51324cdaf5b81 -> 
  custom:scripting/precompiled-assembly-types:Unity.XR.OpenXR.Features.OculusQuestSupport: d15f77eecb71f285045ab68c6a5ab3aa -> 
  custom:scripting/precompiled-assembly-types:Unity.XR.OpenXR.Features.MetaQuestSupport.Editor: d29ebede884d38e464c8dad49331ddbf -> 
  custom:CustomObjectIndexerAttribute: 72b91833f83ae208fae7752999fa3104 -> 
  custom:scripting/monoscript/fileName/OpenXRHmd.cs: 1624687aa096b40d58d149d9c6304cca -> 
  custom:scripting/monoscript/fileName/OpenXRMangementSettings.cs: 5a013b6c45b1e1d06085cb1496493b86 -> 
  custom:scripting/monoscript/fileName/OculusTouchControllerProfile.cs: 03df51b5c781d1980f509408bae72bc8 -> 
  custom:scripting/monoscript/fileName/OpenXRNativeTypes.cs: 11be60823314f621c1b0bb94bf4fe744 -> 
  custom:container-demuxer-webm: 4f35f7cbe854078d1ac9338744f61a02 -> 
  custom:scripting/monoscript/fileName/KnownFeatureSets.cs: 2cf391597f07a52473981e9cc2b41b67 -> 
  custom:scripting/precompiled-assembly-types:Unity.XR.OpenXR.Features.MockRuntime: e75d918d8106c27865ca5517b4bdd194 -> 
  custom:scripting/monoscript/fileName/OpenXRProjectValidationRulesSetup.cs: 63c520149123eced22b6028c5ebd9d08 -> 
  custom:scripting/monoscript/fileName/MicrosoftHandInteraction.cs: dac920740153b0163dda0f7e56920e40 -> 
  custom:scripting/monoscript/fileName/RuntimeDebuggerWindow.cs: 0bc1d5ee7ce2553d42d62861471f3c44 -> 
  custom:scripting/monoscript/fileName/PackageSettingsEditor.cs: 6212fddebb8f67c4da0f50592230839b -> 
  custom:scripting/monoscript/fileName/OpenXRFeature.cs: a84888103ea4406f238a41c42d12d002 -> 
  custom:container-muxer-webm: aa71ff27fc2769a1b78a27578f13a17b -> 
  custom:scripting/precompiled-assembly-types:Unity.XR.OpenXR: 6b540efea7d7bcf04b31853b4d2f54c0 -> 
  custom:scripting/monoscript/fileName/OpenXRLoader.cs: 2a03893d4aa4b960c2f49090b4b03a7b -> 
  custom:scripting/monoscript/fileName/ValveIndexControllerProfile.cs: f923b1771c835a70375d3505e818878d -> 
  custom:scripting/monoscript/fileName/OculusQuestFeatureEditor.cs: af70b82209b4cf6ce20a2da2892dfc5f -> 
  custom:video-decoder-webm-vp8: 9c59270c3fd7afecdb556c50c9e8de78 -> 
  custom:scripting/monoscript/fileName/OpenXRChooseRuntimeLibraries.cs: 3923c2f1337a35d737ad0192eb46b432 -> 
  custom:scripting/monoscript/fileName/OculusQuestFeature.cs: 041c3418dd65b8e99ca410c708996814 -> 
  custom:scripting/monoscript/fileName/OpenXRFeatureSetManager.cs: 4f340a53d115a7e1888d00ddc4cd614b -> 
  custom:scripting/monoscript/fileName/OpenXRColorSubmissonModeList.cs: 62c3c48199b3c893ece86757b75b0604 -> 
  custom:scripting/monoscript/fileName/OpenXRUtility.cs: af9b8bca68ffa2bc69f78ec0da9cf1fd -> 
  custom:SearchIndexIgnoredProperties: e643bd26f0fe6173181afceb89e7c659 -> 
  custom:AudioImporter_EditorPlatform: d09bf68614088b80899f8185d706f6e7 -> 
  custom:scripting/monoscript/fileName/MockRuntime.cs: 8e970d93da4762c7d57e9c9dd2b36dbb -> 
  custom:scripting/monoscript/fileName/OpenXRDevice.cs: 1b3be9b024fb29351711164fb0577202 -> 
  custom:scripting/monoscript/fileName/OpenXRUnityAPI.cs: 95d0f03221767acb8a4a43279af12154 -> 
  custom:scripting/monoscript/fileName/HTCViveControllerProfile.cs: 575b921c71649e99576a05f0add9cf5d -> 
  custom:scripting/monoscript/fileName/BootConfigBuilder.cs: a174d8870c7a69fabc7d42a75b0f23aa -> 
  custom:scripting/precompiled-assembly-types:Unity.XR.OpenXR.Features.RuntimeDebugger: 81fc02b8029ab9c0bce4eaa33a13e7d8 -> 
  custom:scripting/monoscript/fileName/OpenXRRenderSettings.cs: 90647cc400823b41df847a6cbfc29026 -> 
  custom:scripting/monoscript/fileName/EyeGazeInteraction.cs: dc1f12620c8656649cfc16f13969f5fa -> 
  custom:scripting/monoscript/fileName/OpenXRAnalytics.cs: 67d5de80ae8e3ee46bb1b4907783d54c -> 
  custom:scripting/monoscript/fileName/MicrosoftMotionControllerProfile.cs: 6dcaa2067404bed7771687f2f9dfa057 -> 
  custom:scripting/monoscript/fileName/OpenXRRestarter.cs: c236f3f43c026f409512d203b81e6184 -> 
  custom:scripting/monoscript/fileName/OpenXRFeatureAttribute.cs: 99305d666df750d87e7264e3c7ae4f2a -> 
  custom:scripting/monoscript/fileName/OpenXRLoaderNoPreInit.cs: 8f7a064e1e0bb6e17b9f5d171fe53dfc -> 
  custom:scripting/precompiled-assembly-types:Unity.XR.OpenXR.Features.ConformanceAutomation: daaea684d78afe5278ff971b66e0fbf9 -> 
  custom:scripting/monoscript/fileName/HandCommonPosesInteraction.cs: c984aa78f460c3bf39ec56bc9a0a414a -> 
  custom:scripting/monoscript/fileName/OpenXRDiagnosticReport.cs: f43e8307d90025ed39c346ed63d1208d -> 
  custom:scripting/monoscript/fileName/RuntimeDebuggerOpenXRFeatureEditor.cs: 26a9be57964b520d3a47d8c20db877e9 -> 
  custom:scripting/monoscript/fileName/PoseControl.cs: 4ff0d325328ef40fb1693e34ac3358bf -> 26044499bf9bfd77ab38d92d33de1d80
  custom:scripting/monoscript/fileName/OpenXRFeatureBuildHooks.cs: da31756dd3c74e69bcd7ed1a1983ed53 -> 
  custom:scripting/monoscript/fileName/HPReverbG2ControllerProfile.cs: 6aadb5e22feaccfa77ef6db6c4d4541c -> 
  custom:video-encoder-webm-vp8: eb34c28f22e8b96e1ab97ce403110664 -> 
  custom:scripting/monoscript/fileName/BootConfig.cs: b2c4d54615a39b14509e601dd0f329ff -> 
  custom:audio-decoder-ogg-vorbis: bf7c407c2cedff20999df2af8eb42d56 -> 
  custom:scripting/precompiled-assembly-types:Unity.XR.OpenXR.Features.MetaQuestSupport: d273bae1c8d7007d6b0fe4b360a89ef1 -> 
  custom:scripting/monoscript/fileName/XrPerformanceSettingsFeature.cs: d323744d9bc61085862cbc785e1f985c -> 
  custom:scripting/monoscript/fileName/OpenXRPackageSettings.cs: 4f4aaba453bf105fb1c3c3d64247142d -> 
  custom:scripting/monoscript/fileName/ModifyAndroidManifestMeta.cs: 3b920058e4dd8cbdb95cce4af271f981 -> 
  custom:scripting/monoscript/fileName/OpenXRFeatureSetAttribute.cs: 9e20f05fe0a3688af8836175869f0bb7 -> 
  custom:scripting/monoscript/fileName/FoveatedRenderingFeature.cs: 3cd591174f2fee5d1b0d6a1875383a9b -> 
  custom:scripting/monoscript/fileName/HapticControl.cs: d7a5389cafde2a1337c58e2f0d91a837 -> 
  custom:scripting/monoscript/fileName/MetaQuestFeature.cs: b9c317336250afc5bb5fa2c2df269ea6 -> 
  custom:scripting/monoscript/fileName/XrPerformanceSettingsTypes.cs: 5bc9c5b4646eff91646254ce341c6683 -> 
  custom:scripting/monoscript/fileName/OpenXRRuntimeSelector.cs: 929d3ce28c815a19c6c335174420bf6b -> 
  custom:scripting/monoscript/fileName/OpenXRFeatureEditor.cs: 01dd3fecc4e9c7ce9fb6af5d0948ba2a -> 
  custom:scripting/monoscript/fileName/BuildHelperUtils.cs: 619773c3d1b7f3f0ca7461f5c27242a8 -> 
  custom:scripting/monoscript/fileName/HandInteractionProfile.cs: 9c7649bd495ee99cc73ddacbe0a8cd95 -> 
  custom:scripting/precompiled-assembly-types:Unity.XR.Interaction.Toolkit: 66010ce34f3fee311340f03ef4b07388 -> 8a31a34398f9810d6e195071cb390bd9
  custom:scripting/monoscript/fileName/ModifyAndroidManifestOculus.cs: 1d09740e7edd66fffc5895aae9e385d3 -> 
  custom:audio-encoder-webm-vorbis: bf7c407c2cedff20999df2af8eb42d56 -> 
  custom:scripting/monoscript/fileName/RuntimeDebuggerOpenXRFeature.cs: 8b269b64ad1c99e85d7f28185c15f7bb -> 
  custom:scripting/monoscript/fileName/MetaQuestFeatureBuildHooks.cs: 2ac755c66ffd4e4b7c22530386a7ba47 -> 
  custom:scripting/monoscript/fileName/OpenXRInput.cs: b351db87f98ee399e568b78e0ed353e3 -> 
  custom:scripting/monoscript/fileName/OpenXRInteractionFeature.cs: a60484418ad6b497996467bb6f98db73 -> 
  custom:scripting/monoscript/fileName/OpenXRSettings.cs: f8ff4c7422697fc56884f260233aaf86 -> 
  custom:scripting/monoscript/fileName/OpenXREditorSettings.cs: 321e3a8126bc4b0248cbcecf63892f31 -> 
  custom:scripting/monoscript/fileName/OpenXRProjectValidation.cs: 181508e149a91a64c6dfdc447b97c322 -> 
========================================================================
Received Prepare
Caller must complete domain reload
Begin MonoManager ReloadAssembly
- Loaded All Assemblies, in  0.351 seconds
Native extension for WindowsStandalone target not found
System.Reflection.TargetInvocationException: Exception has been thrown by the target of an invocation. ---> System.NullReferenceException: Object reference not set to an instance of an object
  at Unity.XR.Oculus.OculusLoader.AssetPathToAbsolutePath (System.String assetPath) [0x0003d] in .\Library\PackageCache\com.unity.xr.oculus@4.5.2\Runtime\OculusLoader.cs:312 
  at Unity.XR.Oculus.OculusLoader.EditorLoadOVRPlugin () [0x0008c] in .\Library\PackageCache\com.unity.xr.oculus@4.5.2\Runtime\OculusLoader.cs:297 
  at (wrapper managed-to-native) System.Reflection.RuntimeMethodInfo.InternalInvoke(System.Reflection.RuntimeMethodInfo,object,object[],System.Exception&)
  at System.Reflection.RuntimeMethodInfo.Invoke (System.Object obj, System.Reflection.BindingFlags invokeAttr, System.Reflection.Binder binder, System.Object[] parameters, System.Globalization.CultureInfo culture) [0x0006a] in <1071a2cb0cb3433aae80a793c277a048>:0 
   --- End of inner exception stack trace ---
  at System.Reflection.RuntimeMethodInfo.Invoke (System.Object obj, System.Reflection.BindingFlags invokeAttr, System.Reflection.Binder binder, System.Object[] parameters, System.Globalization.CultureInfo culture) [0x00083] in <1071a2cb0cb3433aae80a793c277a048>:0 
  at System.Reflection.MethodBase.Invoke (System.Object obj, System.Object[] parameters) [0x00000] in <1071a2cb0cb3433aae80a793c277a048>:0 
  at UnityEditor.EditorAssemblies.ProcessInitializeOnLoadMethodAttributes () [0x000a5] in <4b8f645257c94d1296f440a10c6f388e>:0 
UnityEngine.StackTraceUtility:ExtractStackTrace ()
UnityEngine.DebugLogHandler:LogFormat (UnityEngine.LogType,UnityEngine.Object,string,object[])
UnityEngine.Logger:Log (UnityEngine.LogType,object)
UnityEngine.Debug:LogError (object)
UnityEditor.EditorAssemblies:ProcessInitializeOnLoadMethodAttributes ()

Mono: successfully reloaded assembly
[Package Manager] Server::EnsureServerProcessIsRunning -- launch failed, reason: Unity was launched with the -noUpm command-line argument
[Package Manager] UpmClient::Send -- Unable to send message (not connected to UPM process).
[Package Manager] Cannot connect to Unity Package Manager local server
- Finished resetting the current domain, in  0.897 seconds
Domain Reload Profiling: 1246ms
	BeginReloadAssembly (112ms)
		ExecutionOrderSort (0ms)
		DisableScriptedObjects (3ms)
		BackupInstance (0ms)
		ReleaseScriptingObjects (0ms)
		CreateAndSetChildDomain (28ms)
	RebuildCommonClasses (21ms)
	RebuildNativeTypeToScriptingClass (7ms)
	initialDomainReloadingComplete (20ms)
	LoadAllAssembliesAndSetupDomain (189ms)
		LoadAssemblies (225ms)
		RebuildTransferFunctionScriptingTraits (0ms)
		AnalyzeDomain (19ms)
			TypeCache.Refresh (7ms)
				TypeCache.ScanAssembly (0ms)
			ScanForSourceGeneratedMonoScriptInfo (0ms)
			ResolveRequiredComponents (11ms)
	FinalizeReload (897ms)
		ReleaseScriptCaches (0ms)
		RebuildScriptCaches (0ms)
		SetupLoadedEditorAssemblies (415ms)
			LogAssemblyErrors (0ms)
			InitializePlatformSupportModulesInManaged (4ms)
			SetLoadedEditorAssemblies (2ms)
			RefreshPlugins (0ms)
			BeforeProcessingInitializeOnLoad (56ms)
			ProcessInitializeOnLoadAttributes (248ms)
			ProcessInitializeOnLoadMethodAttributes (100ms)
			AfterProcessingInitializeOnLoad (4ms)
			EditorAssembliesLoaded (0ms)
		ExecutionOrderSort2 (0ms)
		AwakeInstancesAfterBackupRestoration (15ms)
Refreshing native plugins compatible for Editor in 9.98 ms, found 12 plugins.
Preloading 1 native plugins for Editor in 0.09 ms.
Unloading 6163 Unused Serialized files (Serialized files now loaded: 0)
Unloading 76 unused Assets / (346.6 KB). Loaded Objects now: 6838.
Memory consumption went from 208.5 MB to 208.1 MB.
Total: 3.672700 ms (FindLiveObjects: 0.329900 ms CreateObjectMapping: 0.188200 ms MarkObjects: 2.980300 ms  DeleteObjects: 0.173400 ms)

Prepare: number of updated asset objects reloaded= 0
AssetImportParameters requested are different than current active one (requested -> active):
  custom:scripting/monoscript/fileName/OpenXRFeatureSettingsEditor.cs: 46f7bc9b6667349416d592c92274a2cd -> 
  custom:scripting/monoscript/fileName/DPadInteraction.cs: 93f85c8ba74c4199c8fc9b6e8c6fb8a6 -> 
  custom:container-demuxer-ogg: 62fdf1f143b41e24485cea50d1cbac27 -> 
  custom:scripting/monoscript/fileName/UWPCoreWindowBuildHooks.cs: 528ee0545204f8083d130ec04efc78bc -> 
  custom:scripting/monoscript/fileName/OpenXRLoaderBase.cs: 0b6a60b837fc38165e3eaf7aaf2bf3e3 -> 
  custom:scripting/monoscript/fileName/MetaQuestFeatureEditor.cs: fff340053bb2e94334d0d5989f2eb349 -> 
  custom:scripting/monoscript/fileName/PalmPoseInteraction.cs: 6bd25b6029acb9127f25748cb0b6d2a8 -> 
  custom:scripting/precompiled-assembly-types:Unity.XR.OpenXR.Editor: b2a8f17f09055950b7f19e2845cbc5c2 -> 
  custom:scripting/monoscript/fileName/MetaQuestTouchPlusControllerProfile.cs: 4b9439e11567c27c85546e11bafeabe7 -> 
  custom:scripting/monoscript/fileName/OpenXRRuntime.cs: c3a00f9ce6a0283dcb391b83637adf44 -> 
  custom:video-decoder-ogg-theora: a1e56fd34408186e4bbccfd4996cb3dc -> 
  custom:scripting/monoscript/fileName/MetaQuestTouchProControllerProfile.cs: 9fffae235d4c14901711127c7daeb86c -> 
  custom:scripting/monoscript/fileName/OpenXRConstants.cs: f878d042bd3999b796b9387b0c8a1032 -> 
  custom:scripting/monoscript/fileName/OpenXRFeatureUICommon.cs: 45f7a59cd9c5cd84e28e0f7a429879c2 -> 
  custom:framework-win-MediaFoundation: 216162199b28c13a410421893ffa2e32 -> 
  custom:scripting/precompiled-assembly-types:Unity.XR.OpenXR.Features.OculusQuestSupport.Editor: c62b8d05b94c435029ef9fc43d7261ca -> 
  custom:scripting/monoscript/fileName/OpenXRLoaderUI.cs: ebd8d704d5e26f054d43886c272cd005 -> 
  custom:scripting/monoscript/fileName/WaitForRestartFinish.cs: 0e76bf389cf347a5d8d6432ec661895f -> 
  custom:scripting/monoscript/fileName/KHRSimpleControllerProfile.cs: bcdcb81587b2075f7af2f75706b9e69a -> 
  custom:scripting/monoscript/fileName/OpenXRFeatureSettings.cs: 90647cc400823b41df847a6cbfc29026 -> 
  custom:scripting/monoscript/fileName/OpenXRBuildProcessor.cs: 48dc0e114f75799c0d74bafe70808189 -> 
  custom:scripting/monoscript/fileName/OpenXRFeatureInternal.cs: 90647cc400823b41df847a6cbfc29026 -> 
  custom:scripting/monoscript/fileName/OpenXRSpaceSettings.cs: 90647cc400823b41df847a6cbfc29026 -> 
  custom:scripting/monoscript/fileName/DPadInteractionCustomEditor.cs: d93785eeae2b4d41d39f603bd6f9849d -> 
  custom:scripting/precompiled-assembly-types:Unity.XR.OpenXR.Features.RuntimeDebugger.Editor: e1cc4b3ad1ade1a1503c3d79a1cfcaf0 -> 
  custom:scripting/monoscript/fileName/ConformanceAutomationFeature.cs: 97112e825fad9ed87f6a9c7acc231c0b -> 
  custom:scripting/monoscript/fileName/FeatureHelpers.cs: 0e8d07707daeed1da30b1605e903226b -> 
  custom:scripting/monoscript/fileName/DebuggerState.cs: 41070b7a08cc178a9ea51324cdaf5b81 -> 
  custom:scripting/precompiled-assembly-types:Unity.XR.OpenXR.Features.OculusQuestSupport: d15f77eecb71f285045ab68c6a5ab3aa -> 
  custom:scripting/precompiled-assembly-types:Unity.XR.OpenXR.Features.MetaQuestSupport.Editor: d29ebede884d38e464c8dad49331ddbf -> 
  custom:CustomObjectIndexerAttribute: 72b91833f83ae208fae7752999fa3104 -> 
  custom:scripting/monoscript/fileName/OpenXRHmd.cs: 1624687aa096b40d58d149d9c6304cca -> 
  custom:scripting/monoscript/fileName/OpenXRMangementSettings.cs: 5a013b6c45b1e1d06085cb1496493b86 -> 
  custom:scripting/monoscript/fileName/OculusTouchControllerProfile.cs: 03df51b5c781d1980f509408bae72bc8 -> 
  custom:scripting/monoscript/fileName/OpenXRNativeTypes.cs: 11be60823314f621c1b0bb94bf4fe744 -> 
  custom:container-demuxer-webm: 4f35f7cbe854078d1ac9338744f61a02 -> 
  custom:scripting/monoscript/fileName/KnownFeatureSets.cs: 2cf391597f07a52473981e9cc2b41b67 -> 
  custom:scripting/precompiled-assembly-types:Unity.XR.OpenXR.Features.MockRuntime: e75d918d8106c27865ca5517b4bdd194 -> 
  custom:scripting/monoscript/fileName/OpenXRProjectValidationRulesSetup.cs: 63c520149123eced22b6028c5ebd9d08 -> 
  custom:scripting/monoscript/fileName/MicrosoftHandInteraction.cs: dac920740153b0163dda0f7e56920e40 -> 
  custom:scripting/monoscript/fileName/RuntimeDebuggerWindow.cs: 0bc1d5ee7ce2553d42d62861471f3c44 -> 
  custom:scripting/monoscript/fileName/PackageSettingsEditor.cs: 6212fddebb8f67c4da0f50592230839b -> 
  custom:scripting/monoscript/fileName/OpenXRFeature.cs: a84888103ea4406f238a41c42d12d002 -> 
  custom:container-muxer-webm: aa71ff27fc2769a1b78a27578f13a17b -> 
  custom:scripting/precompiled-assembly-types:Unity.XR.OpenXR: 6b540efea7d7bcf04b31853b4d2f54c0 -> 
  custom:scripting/monoscript/fileName/OpenXRLoader.cs: 2a03893d4aa4b960c2f49090b4b03a7b -> 
  custom:scripting/monoscript/fileName/ValveIndexControllerProfile.cs: f923b1771c835a70375d3505e818878d -> 
  custom:scripting/monoscript/fileName/OculusQuestFeatureEditor.cs: af70b82209b4cf6ce20a2da2892dfc5f -> 
  custom:video-decoder-webm-vp8: 9c59270c3fd7afecdb556c50c9e8de78 -> 
  custom:scripting/monoscript/fileName/OpenXRChooseRuntimeLibraries.cs: 3923c2f1337a35d737ad0192eb46b432 -> 
  custom:scripting/monoscript/fileName/OculusQuestFeature.cs: 041c3418dd65b8e99ca410c708996814 -> 
  custom:scripting/monoscript/fileName/OpenXRFeatureSetManager.cs: 4f340a53d115a7e1888d00ddc4cd614b -> 
  custom:scripting/monoscript/fileName/OpenXRColorSubmissonModeList.cs: 62c3c48199b3c893ece86757b75b0604 -> 
  custom:scripting/monoscript/fileName/OpenXRUtility.cs: af9b8bca68ffa2bc69f78ec0da9cf1fd -> 
  custom:SearchIndexIgnoredProperties: e643bd26f0fe6173181afceb89e7c659 -> 
  custom:AudioImporter_EditorPlatform: d09bf68614088b80899f8185d706f6e7 -> 
  custom:scripting/monoscript/fileName/MockRuntime.cs: 8e970d93da4762c7d57e9c9dd2b36dbb -> 
  custom:scripting/monoscript/fileName/OpenXRDevice.cs: 1b3be9b024fb29351711164fb0577202 -> 
  custom:scripting/monoscript/fileName/OpenXRUnityAPI.cs: 95d0f03221767acb8a4a43279af12154 -> 
  custom:scripting/monoscript/fileName/HTCViveControllerProfile.cs: 575b921c71649e99576a05f0add9cf5d -> 
  custom:scripting/monoscript/fileName/BootConfigBuilder.cs: a174d8870c7a69fabc7d42a75b0f23aa -> 
  custom:scripting/precompiled-assembly-types:Unity.XR.OpenXR.Features.RuntimeDebugger: 81fc02b8029ab9c0bce4eaa33a13e7d8 -> 
  custom:scripting/monoscript/fileName/OpenXRRenderSettings.cs: 90647cc400823b41df847a6cbfc29026 -> 
  custom:scripting/monoscript/fileName/EyeGazeInteraction.cs: dc1f12620c8656649cfc16f13969f5fa -> 
  custom:scripting/monoscript/fileName/OpenXRAnalytics.cs: 67d5de80ae8e3ee46bb1b4907783d54c -> 
  custom:scripting/monoscript/fileName/MicrosoftMotionControllerProfile.cs: 6dcaa2067404bed7771687f2f9dfa057 -> 
  custom:scripting/monoscript/fileName/OpenXRRestarter.cs: c236f3f43c026f409512d203b81e6184 -> 
  custom:scripting/monoscript/fileName/OpenXRFeatureAttribute.cs: 99305d666df750d87e7264e3c7ae4f2a -> 
  custom:scripting/monoscript/fileName/OpenXRLoaderNoPreInit.cs: 8f7a064e1e0bb6e17b9f5d171fe53dfc -> 
  custom:scripting/precompiled-assembly-types:Unity.XR.OpenXR.Features.ConformanceAutomation: daaea684d78afe5278ff971b66e0fbf9 -> 
  custom:scripting/monoscript/fileName/HandCommonPosesInteraction.cs: c984aa78f460c3bf39ec56bc9a0a414a -> 
  custom:scripting/monoscript/fileName/OpenXRDiagnosticReport.cs: f43e8307d90025ed39c346ed63d1208d -> 
  custom:scripting/monoscript/fileName/RuntimeDebuggerOpenXRFeatureEditor.cs: 26a9be57964b520d3a47d8c20db877e9 -> 
  custom:scripting/monoscript/fileName/PoseControl.cs: 4ff0d325328ef40fb1693e34ac3358bf -> 26044499bf9bfd77ab38d92d33de1d80
  custom:scripting/monoscript/fileName/OpenXRFeatureBuildHooks.cs: da31756dd3c74e69bcd7ed1a1983ed53 -> 
  custom:scripting/monoscript/fileName/HPReverbG2ControllerProfile.cs: 6aadb5e22feaccfa77ef6db6c4d4541c -> 
  custom:video-encoder-webm-vp8: eb34c28f22e8b96e1ab97ce403110664 -> 
  custom:scripting/monoscript/fileName/BootConfig.cs: b2c4d54615a39b14509e601dd0f329ff -> 
  custom:audio-decoder-ogg-vorbis: bf7c407c2cedff20999df2af8eb42d56 -> 
  custom:scripting/precompiled-assembly-types:Unity.XR.OpenXR.Features.MetaQuestSupport: d273bae1c8d7007d6b0fe4b360a89ef1 -> 
  custom:scripting/monoscript/fileName/XrPerformanceSettingsFeature.cs: d323744d9bc61085862cbc785e1f985c -> 
  custom:scripting/monoscript/fileName/OpenXRPackageSettings.cs: 4f4aaba453bf105fb1c3c3d64247142d -> 
  custom:scripting/monoscript/fileName/ModifyAndroidManifestMeta.cs: 3b920058e4dd8cbdb95cce4af271f981 -> 
  custom:scripting/monoscript/fileName/OpenXRFeatureSetAttribute.cs: 9e20f05fe0a3688af8836175869f0bb7 -> 
  custom:scripting/monoscript/fileName/FoveatedRenderingFeature.cs: 3cd591174f2fee5d1b0d6a1875383a9b -> 
  custom:scripting/monoscript/fileName/HapticControl.cs: d7a5389cafde2a1337c58e2f0d91a837 -> 
  custom:scripting/monoscript/fileName/MetaQuestFeature.cs: b9c317336250afc5bb5fa2c2df269ea6 -> 
  custom:scripting/monoscript/fileName/XrPerformanceSettingsTypes.cs: 5bc9c5b4646eff91646254ce341c6683 -> 
  custom:scripting/monoscript/fileName/OpenXRRuntimeSelector.cs: 929d3ce28c815a19c6c335174420bf6b -> 
  custom:scripting/monoscript/fileName/OpenXRFeatureEditor.cs: 01dd3fecc4e9c7ce9fb6af5d0948ba2a -> 
  custom:scripting/monoscript/fileName/BuildHelperUtils.cs: 619773c3d1b7f3f0ca7461f5c27242a8 -> 
  custom:scripting/monoscript/fileName/HandInteractionProfile.cs: 9c7649bd495ee99cc73ddacbe0a8cd95 -> 
  custom:scripting/precompiled-assembly-types:Unity.XR.Interaction.Toolkit: 66010ce34f3fee311340f03ef4b07388 -> 8a31a34398f9810d6e195071cb390bd9
  custom:scripting/monoscript/fileName/ModifyAndroidManifestOculus.cs: 1d09740e7edd66fffc5895aae9e385d3 -> 
  custom:audio-encoder-webm-vorbis: bf7c407c2cedff20999df2af8eb42d56 -> 
  custom:scripting/monoscript/fileName/RuntimeDebuggerOpenXRFeature.cs: 8b269b64ad1c99e85d7f28185c15f7bb -> 
  custom:scripting/monoscript/fileName/MetaQuestFeatureBuildHooks.cs: 2ac755c66ffd4e4b7c22530386a7ba47 -> 
  custom:scripting/monoscript/fileName/OpenXRInput.cs: b351db87f98ee399e568b78e0ed353e3 -> 
  custom:scripting/monoscript/fileName/OpenXRInteractionFeature.cs: a60484418ad6b497996467bb6f98db73 -> 
  custom:scripting/monoscript/fileName/OpenXRSettings.cs: f8ff4c7422697fc56884f260233aaf86 -> 
  custom:scripting/monoscript/fileName/OpenXREditorSettings.cs: 321e3a8126bc4b0248cbcecf63892f31 -> 
  custom:scripting/monoscript/fileName/OpenXRProjectValidation.cs: 181508e149a91a64c6dfdc447b97c322 -> 
